{"uuid":"86daf171-a6fa-4bd7-af9b-13c0ebfa3b78","name":"com.paymob.gui.test.production.D4_Create_Invoice_Test","children":["82bcde47-dc10-4351-ad52-4f223d32b566","47f6f13a-bafb-4912-81e1-a903a0f8bd19","a2796ead-4b2c-495c-8905-8462650c72fd","0c067db3-c89f-4f8e-b90b-ffaef21a43c0"],"befores":[{"name":"setUp","status":"failed","statusDetails":{"known":false,"muted":false,"flaky":false,"message":"Navigate to new url failed \"https://accept.paymob.com/portal2/en/login\".","trace":"java.lang.AssertionError: Navigate to new url failed \"https://accept.paymob.com/portal2/en/login\".\n\tat org.testng.Assert.fail(Assert.java:98)\n\tat com.shaft.gui.browser.WebDriverBrowserActions.failAction(WebDriverBrowserActions.java:521)\n\tat com.shaft.gui.browser.WebDriverBrowserActions.failAction(WebDriverBrowserActions.java:514)\n\tat com.shaft.gui.browser.WebDriverBrowserActions.navigateToNewURL(WebDriverBrowserActions.java:575)\n\tat com.shaft.gui.browser.WebDriverBrowserActions.navigateToURL(WebDriverBrowserActions.java:261)\n\tat com.shaft.gui.browser.WebDriverBrowserActions.navigateToURL(WebDriverBrowserActions.java:164)\n\tat com.shaft.gui.browser.WebDriverBrowserActions.navigateToURL(WebDriverBrowserActions.java:722)\n\tat com.paymob.gui.test.production.D4_Create_Invoice_Test.setUp(D4_Create_Invoice_Test.java:21)\n\tat java.base/jdk.internal.reflect.NativeMethodAccessorImpl.invoke0(Native Method)\n\tat java.base/jdk.internal.reflect.NativeMethodAccessorImpl.invoke(NativeMethodAccessorImpl.java:77)\n\tat java.base/jdk.internal.reflect.DelegatingMethodAccessorImpl.invoke(DelegatingMethodAccessorImpl.java:43)\n\tat java.base/java.lang.reflect.Method.invoke(Method.java:568)\n\tat org.testng.internal.invokers.MethodInvocationHelper.invokeMethod(MethodInvocationHelper.java:139)\n\tat org.testng.internal.invokers.MethodInvocationHelper.invokeMethodConsideringTimeout(MethodInvocationHelper.java:69)\n\tat org.testng.internal.invokers.ConfigInvoker.invokeConfigurationMethod(ConfigInvoker.java:361)\n\tat org.testng.internal.invokers.ConfigInvoker.invokeConfigurations(ConfigInvoker.java:296)\n\tat org.testng.internal.invokers.TestMethodWorker.invokeBeforeClassMethods(TestMethodWorker.java:180)\n\tat org.testng.internal.invokers.TestMethodWorker.run(TestMethodWorker.java:122)\n\tat java.base/java.util.ArrayList.forEach(ArrayList.java:1511)\n\tat org.testng.TestRunner.privateRun(TestRunner.java:806)\n\tat org.testng.TestRunner.run(TestRunner.java:601)\n\tat org.testng.SuiteRunner.runTest(SuiteRunner.java:433)\n\tat org.testng.SuiteRunner.runSequentially(SuiteRunner.java:427)\n\tat org.testng.SuiteRunner.privateRun(SuiteRunner.java:387)\n\tat org.testng.SuiteRunner.run(SuiteRunner.java:330)\n\tat org.testng.SuiteRunnerWorker.runSuite(SuiteRunnerWorker.java:52)\n\tat org.testng.SuiteRunnerWorker.run(SuiteRunnerWorker.java:95)\n\tat org.testng.TestNG.runSuitesSequentially(TestNG.java:1256)\n\tat org.testng.TestNG.runSuitesLocally(TestNG.java:1176)\n\tat org.testng.TestNG.runSuites(TestNG.java:1099)\n\tat org.testng.TestNG.run(TestNG.java:1067)\n\tat com.intellij.rt.testng.IDEARemoteTestNG.run(IDEARemoteTestNG.java:66)\n\tat com.intellij.rt.testng.RemoteTestNGStarter.main(RemoteTestNGStarter.java:109)\nCaused by: org.openqa.selenium.TimeoutException: timeout: Timed out receiving message from renderer: 28.247\n  (Session info: chrome=104.0.5112.101)\nBuild info: version: '4.3.0', revision: 'a4995e2c09*'\nSystem info: host: 'Muhammads-MacBook-Pro.local', ip: 'fe80:0:0:0:c09:fbd8:7c8d:eb8a%en0', os.name: 'Mac OS X', os.arch: 'x86_64', os.version: '12.5', java.version: '17.0.4'\nDriver info: org.openqa.selenium.chrome.ChromeDriver\nCommand: [461570bc8241d8971e347f0dacbac30b, get {url=https://accept.paymob.com/portal2/en/login}]\nCapabilities {acceptInsecureCerts: true, browserName: chrome, browserVersion: 104.0.5112.101, chrome: {chromedriverVersion: 104.0.5112.79 (3cf3e8c8a07d..., userDataDir: /var/folders/v9/hknmfz2x34s...}, goog:chromeOptions: {debuggerAddress: localhost:62457}, networkConnectionEnabled: false, pageLoadStrategy: normal, platformName: MAC, proxy: Proxy(), se:cdp: ws://localhost:62457/devtoo..., se:cdpVersion: 104.0.5112.101, setWindowRect: true, strictFileInteractability: false, timeouts: {implicit: 0, pageLoad: 30000, script: 30000}, unhandledPromptBehavior: accept and notify, webauthn:extension:credBlob: true, webauthn:extension:largeBlob: true, webauthn:virtualAuthenticators: true}\nSession ID: 461570bc8241d8971e347f0dacbac30b\n\tat java.base/jdk.internal.reflect.NativeConstructorAccessorImpl.newInstance0(Native Method)\n\tat java.base/jdk.internal.reflect.NativeConstructorAccessorImpl.newInstance(NativeConstructorAccessorImpl.java:77)\n\tat java.base/jdk.internal.reflect.DelegatingConstructorAccessorImpl.newInstance(DelegatingConstructorAccessorImpl.java:45)\n\tat java.base/java.lang.reflect.Constructor.newInstanceWithCaller(Constructor.java:499)\n\tat java.base/java.lang.reflect.Constructor.newInstance(Constructor.java:480)\n\tat org.openqa.selenium.remote.codec.w3c.W3CHttpResponseCodec.createException(W3CHttpResponseCodec.java:200)\n\tat org.openqa.selenium.remote.codec.w3c.W3CHttpResponseCodec.decode(W3CHttpResponseCodec.java:133)\n\tat org.openqa.selenium.remote.codec.w3c.W3CHttpResponseCodec.decode(W3CHttpResponseCodec.java:53)\n\tat org.openqa.selenium.remote.HttpCommandExecutor.execute(HttpCommandExecutor.java:184)\n\tat org.openqa.selenium.remote.service.DriverCommandExecutor.invokeExecute(DriverCommandExecutor.java:167)\n\tat org.openqa.selenium.remote.service.DriverCommandExecutor.execute(DriverCommandExecutor.java:142)\n\tat org.openqa.selenium.remote.RemoteWebDriver.execute(RemoteWebDriver.java:569)\n\tat org.openqa.selenium.remote.RemoteWebDriver.get(RemoteWebDriver.java:332)\n\tat org.openqa.selenium.remote.RemoteWebDriver$RemoteNavigation.to(RemoteWebDriver.java:1056)\n\tat com.shaft.gui.browser.WebDriverBrowserActions.navigateToNewURL(WebDriverBrowserActions.java:573)\n\t... 29 more\n"},"stage":"finished","description":"","steps":[{"name":"Attempting to run locally on: \"Mac-64 | GoogleChrome\".","status":"passed","stage":"finished","steps":[],"attachments":[],"parameters":[{"name":"logText","value":"Attempting to run locally on: \"Mac-64 | GoogleChrome\"."}],"start":1661336928349,"stop":1661336928350},{"name":"Successfully Opened Google Chrome.","status":"passed","stage":"finished","steps":[],"attachments":[],"parameters":[{"name":"logText","value":"Successfully Opened Google Chrome."}],"start":1661336929905,"stop":1661336929906},{"name":"Full screen window \"<html><head></head><body></body></html>\".","status":"passed","stage":"finished","steps":[],"attachments":[],"parameters":[{"name":"logText","value":"Full screen window \"<html><head></head><body></body></html>\"."}],"start":1661336933771,"stop":1661336933776},{"name":"Maximize window \"New screen size is now: (1800, 1126)\".","status":"passed","stage":"finished","steps":[],"attachments":[],"parameters":[{"name":"logText","value":"Maximize window \"New screen size is now: (1800, 1126)\"."}],"start":1661336936251,"stop":1661336936256},{"name":"Navigate to new url failed \"https://accept.paymob.com/portal2/en/login\".","status":"passed","stage":"finished","steps":[],"attachments":[],"parameters":[{"name":"logText","value":"Navigate to new url failed \"https://accept.paymob.com/portal2/en/login\"."}],"start":1661336969080,"stop":1661336969089}],"attachments":[],"parameters":[],"start":1661336928347,"stop":1661336969098}],"afters":[],"start":1661336793593,"stop":1661336990735}