<!DOCTYPE html PUBLIC "-//W3C//DTD XHTML 1.1//EN" "https://www.w3.org/TR/xhtml11/DTD/xhtml11.dtd">
<html xmlns="https://www.w3.org/1999/xhtml">
<head>
<meta http-equiv="content-type" content="text/html; charset=UTF-8"/>
<title>TestNG Report</title>
<style type="text/css">table {margin-bottom:10px;border-collapse:collapse;empty-cells:show}th,td {border:1px solid #009;padding:.25em .5em}th {vertical-align:bottom}td {vertical-align:top}table a {font-weight:bold}.stripe td {background-color: #E6EBF9}.num {text-align:right}.passedodd td {background-color: #3F3}.passedeven td {background-color: #0A0}.skippedodd td {background-color: #DDD}.skippedeven td {background-color: #CCC}.failedodd td,.attn {background-color: #F33}.failedeven td,.stripe .attn {background-color: #D00}.stacktrace {white-space:pre;font-family:monospace}.totop {font-size:85%;text-align:center;border-bottom:2px solid #000}.invisible {display:none}</style>
</head>
<body>
<table>
<tr><th>Test</th><th># Passed</th><th># Skipped</th><th># Retried</th><th># Failed</th><th>Time (ms)</th><th>Included Groups</th><th>Excluded Groups</th></tr>
<tr><th colspan="8">Suite</th></tr>
<tr><td><a href="#t0">Paymob-Accept_Dashboard</a></td><td class="num">1</td><td class="num attn">7</td><td class="num">0</td><td class="num">0</td><td class="num">197,074</td><td></td><td></td></tr>
</table>
<table id='summary'><thead><tr><th>Class</th><th>Method</th><th>Start</th><th>Time (ms)</th></tr></thead><tbody><tr><th colspan="4">Suite</th></tr></tbody><tbody id="t0"><tr><th colspan="4">Paymob-Accept_Dashboard &#8212; failed (configuration methods)</th></tr><tr class="failedeven"><td rowspan="1">com.paymob.gui.test.production.B2_Forget_Password_Test</td><td><a href="#m0">setUp</a></td><td rowspan="1">1661336887989</td><td rowspan="1">40267</td></tr><tr class="failedodd"><td rowspan="2">com.paymob.gui.test.production.C3_Preview_Main_Page_Test</td><td><a href="#m1">setUp</a></td><td rowspan="1">1661336847802</td><td rowspan="1">39952</td></tr><tr class="failedodd"><td><a href="#m2">tearDown</a></td><td rowspan="1">1661336990638</td><td rowspan="1">4</td></tr><tr class="failedeven"><td rowspan="1">com.paymob.gui.test.production.D4_Create_Invoice_Test</td><td><a href="#m3">setUp</a></td><td rowspan="1">1661336928346</td><td rowspan="1">40746</td></tr><tr><th colspan="4">Paymob-Accept_Dashboard &#8212; skipped (configuration methods)</th></tr><tr class="skippedeven"><td rowspan="1">com.paymob.gui.test.production.D4_Create_Invoice_Test</td><td><a href="#m4">tearDown</a></td><td rowspan="1">1661336990656</td><td rowspan="1">0</td></tr><tr class="skippedodd"><td rowspan="1">com.shaft.tools.io.LogsHelper</td><td><a href="#m5">teardownActivities</a></td><td rowspan="1">1661336990822</td><td rowspan="1">0</td></tr><tr><th colspan="4">Paymob-Accept_Dashboard &#8212; skipped</th></tr><tr class="skippedeven"><td rowspan="2">com.paymob.gui.test.production.B2_Forget_Password_Test</td><td><a href="#m6">Request_OTP_Password</a></td><td rowspan="1">1661336928339</td><td rowspan="1">0</td></tr><tr class="skippedeven"><td><a href="#m7">Select_Forget_Password</a></td><td rowspan="1">1661336928320</td><td rowspan="1">0</td></tr><tr class="skippedodd"><td rowspan="2">com.paymob.gui.test.production.C3_Preview_Main_Page_Test</td><td><a href="#m8">Login</a></td><td rowspan="1">1661336887891</td><td rowspan="1">0</td></tr><tr class="skippedodd"><td><a href="#m9">Preview_Main_Page_Functions</a></td><td rowspan="1">1661336887936</td><td rowspan="1">0</td></tr><tr class="skippedeven"><td rowspan="3">com.paymob.gui.test.production.D4_Create_Invoice_Test</td><td><a href="#m10">Create_Kiosk_Invoice</a></td><td rowspan="1">1661336969696</td><td rowspan="1">0</td></tr><tr class="skippedeven"><td><a href="#m11">Create_Online_Card_Invoice</a></td><td rowspan="1">1661336969615</td><td rowspan="1">0</td></tr><tr class="skippedeven"><td><a href="#m12">Login</a></td><td rowspan="1">1661336969473</td><td rowspan="1">1</td></tr><tr><th colspan="4">Paymob-Accept_Dashboard &#8212; passed</th></tr><tr class="passedeven"><td rowspan="1">com.paymob.gui.test.production.A1_SignUp_Test</td><td><a href="#m13">Paymob_Sign_Up</a></td><td rowspan="1">1661336823082</td><td rowspan="1">24068</td></tr></tbody>
</table>
<h2>Paymob-Accept_Dashboard</h2><h3 id="m0">com.paymob.gui.test.production.B2_Forget_Password_Test#setUp</h3><table class="result"><tr><th>Messages</th></tr><tr><td><div class="messages">[ReportManager] File Action "DoesFileExist" successfully performed. With the following test data "File Path: "target/downloadedFiles/"". @24-08-2022 12:28:08.0002 PM<br/>[ReportManager] File Action "GetAbsolutePath" successfully performed. With the following test data "Relative Folder Path: "src/test/resources/testDataFiles/target/downloadedFiles/"". @24-08-2022 12:28:08.0003 PM<br/>[ReportManager] Attempting to run locally on: "Mac-64 | GoogleChrome". @24-08-2022 12:28:08.0006 PM<br/>[ReportManager] Identifying OS/Driver combination and selecting the correct driver version automatically. Please note that if a new driver executable will be downloaded it may take some time... @24-08-2022 12:28:08.0006 PM<br/>[ReportManager] Successfully Opened Google Chrome. @24-08-2022 12:28:09.0465 PM<br/>[ReportManager] Initial window size: (1200, 1023) @24-08-2022 12:28:09.0475 PM<br/>[ReportManager] Window size after Toolkit: (1800, 1067) @24-08-2022 12:28:09.0698 PM<br/>[ReportManager] Window size after WebDriver.Manage.Window: (1920, 1067) @24-08-2022 12:28:09.0916 PM<br/>[ReportManager] Initial Windows Size: 1920x1067 @24-08-2022 12:28:09.0925 PM<br/>[ReportManager] Current Windows Size after fullScreen: 1800x1126 @24-08-2022 12:28:10.0044 PM<br/>[ReportManager] File Action "CreateFile" successfully performed. With the following test data "Target Folder: "allure-results//screenshots/20220824-122629", Target File: "/1661336891977_setUp.gif"". @24-08-2022 12:28:12.0955 PM<br/>[ReportManager] Full screen window "<html><head></head><body></body></html>". @24-08-2022 12:28:13.0245 PM<br/>[ReportManager] Window size after fullScreenWindow: (1800, 1126) @24-08-2022 12:28:13.0249 PM<br/>[ReportManager] skipping window maximization due to unknown error, marking step as passed. @24-08-2022 12:28:13.0250 PM<br/>[ReportManager] Maximize window "New screen size is now: (1800, 1126)". @24-08-2022 12:28:15.0669 PM<br/>[ReportManager] Target URL: "https://accept.paymob.com/portal2/en/login" @24-08-2022 12:28:15.0672 PM<br/>[ReportManager] Initial URL: "data:," @24-08-2022 12:28:15.0725 PM<br/>[ReportManager] Navigate to new url failed "https://accept.paymob.com/portal2/en/login". @24-08-2022 12:28:48.0254 PM<br/>[ReportManager] Successfully created attachment "Animated Gif - setUp" @24-08-2022 12:28:48.0261 PM<br/>[ReportManager] Successfully created attachment "SHAFT Engine Logs - Current Method log: setUp" @24-08-2022 12:28:48.0268 PM<br/>[ReportManager] Switch to default content. @24-08-2022 12:28:48.0275 PM</div></td></tr><tr><th>Exception</th></tr><tr><td><div class="stacktrace">java.lang.AssertionError: Navigate to new url failed &quot;https://accept.paymob.com/portal2/en/login&quot;.
	at com.shaft.gui.browser.WebDriverBrowserActions.failAction(WebDriverBrowserActions.java:521)
	at com.shaft.gui.browser.WebDriverBrowserActions.failAction(WebDriverBrowserActions.java:514)
	at com.shaft.gui.browser.WebDriverBrowserActions.navigateToNewURL(WebDriverBrowserActions.java:575)
	at com.shaft.gui.browser.WebDriverBrowserActions.navigateToURL(WebDriverBrowserActions.java:261)
	at com.shaft.gui.browser.WebDriverBrowserActions.navigateToURL(WebDriverBrowserActions.java:164)
	at com.shaft.gui.browser.WebDriverBrowserActions.navigateToURL(WebDriverBrowserActions.java:722)
	at com.paymob.gui.test.production.B2_Forget_Password_Test.setUp(B2_Forget_Password_Test.java:19)
	at java.base/java.util.ArrayList.forEach(ArrayList.java:1511)
	at com.intellij.rt.testng.IDEARemoteTestNG.run(IDEARemoteTestNG.java:66)
	at com.intellij.rt.testng.RemoteTestNGStarter.main(RemoteTestNGStarter.java:109)
Caused by: org.openqa.selenium.TimeoutException: timeout: Timed out receiving message from renderer: 28.379
  (Session info: chrome=104.0.5112.101)
Build info: version: &apos;4.3.0&apos;, revision: &apos;a4995e2c09*&apos;
System info: host: &apos;Muhammads-MacBook-Pro.local&apos;, ip: &apos;fe80:0:0:0:c09:fbd8:7c8d:eb8a%en0&apos;, os.name: &apos;Mac OS X&apos;, os.arch: &apos;x86_64&apos;, os.version: &apos;12.5&apos;, java.version: &apos;17.0.4&apos;
Driver info: org.openqa.selenium.chrome.ChromeDriver
Command: [f79bd17d245a4dea14ae69087d38f4c9, get {url=https://accept.paymob.com/portal2/en/login}]
Capabilities {acceptInsecureCerts: true, browserName: chrome, browserVersion: 104.0.5112.101, chrome: {chromedriverVersion: 104.0.5112.79 (3cf3e8c8a07d..., userDataDir: /var/folders/v9/hknmfz2x34s...}, goog:chromeOptions: {debuggerAddress: localhost:62212}, networkConnectionEnabled: false, pageLoadStrategy: normal, platformName: MAC, proxy: Proxy(), se:cdp: ws://localhost:62212/devtoo..., se:cdpVersion: 104.0.5112.101, setWindowRect: true, strictFileInteractability: false, timeouts: {implicit: 0, pageLoad: 30000, script: 30000}, unhandledPromptBehavior: accept and notify, webauthn:extension:credBlob: true, webauthn:extension:largeBlob: true, webauthn:virtualAuthenticators: true}
Session ID: f79bd17d245a4dea14ae69087d38f4c9
	at org.openqa.selenium.remote.codec.w3c.W3CHttpResponseCodec.createException(W3CHttpResponseCodec.java:200)
	at org.openqa.selenium.remote.codec.w3c.W3CHttpResponseCodec.decode(W3CHttpResponseCodec.java:133)
	at org.openqa.selenium.remote.codec.w3c.W3CHttpResponseCodec.decode(W3CHttpResponseCodec.java:53)
	at org.openqa.selenium.remote.HttpCommandExecutor.execute(HttpCommandExecutor.java:184)
	at org.openqa.selenium.remote.service.DriverCommandExecutor.invokeExecute(DriverCommandExecutor.java:167)
	at org.openqa.selenium.remote.service.DriverCommandExecutor.execute(DriverCommandExecutor.java:142)
	at org.openqa.selenium.remote.RemoteWebDriver.execute(RemoteWebDriver.java:569)
	at org.openqa.selenium.remote.RemoteWebDriver.get(RemoteWebDriver.java:332)
	at org.openqa.selenium.remote.RemoteWebDriver$RemoteNavigation.to(RemoteWebDriver.java:1056)
	at com.shaft.gui.browser.WebDriverBrowserActions.navigateToNewURL(WebDriverBrowserActions.java:573)
	... 29 more
... Removed 28 stack frames</div></td></tr></table><p class="totop"><a href="#summary">back to summary</a></p>
<h3 id="m1">com.paymob.gui.test.production.C3_Preview_Main_Page_Test#setUp</h3><table class="result"><tr><th>Messages</th></tr><tr><td><div class="messages">[ReportManager] File Action "DoesFileExist" successfully performed. With the following test data "File Path: "target/downloadedFiles/"". @24-08-2022 12:27:27.0808 PM<br/>[ReportManager] File Action "GetAbsolutePath" successfully performed. With the following test data "Relative Folder Path: "src/test/resources/testDataFiles/target/downloadedFiles/"". @24-08-2022 12:27:27.0808 PM<br/>[ReportManager] Attempting to run locally on: "Mac-64 | GoogleChrome". @24-08-2022 12:27:27.0811 PM<br/>[ReportManager] Identifying OS/Driver combination and selecting the correct driver version automatically. Please note that if a new driver executable will be downloaded it may take some time... @24-08-2022 12:27:27.0811 PM<br/>[ReportManager] Successfully Opened Google Chrome. @24-08-2022 12:27:29.0164 PM<br/>[ReportManager] Initial window size: (1200, 1023) @24-08-2022 12:27:29.0171 PM<br/>[ReportManager] Window size after Toolkit: (1800, 1067) @24-08-2022 12:27:29.0392 PM<br/>[ReportManager] Window size after WebDriver.Manage.Window: (1920, 1067) @24-08-2022 12:27:29.0615 PM<br/>[ReportManager] Initial Windows Size: 1920x1067 @24-08-2022 12:27:29.0621 PM<br/>[ReportManager] Current Windows Size after fullScreen: 1800x1126 @24-08-2022 12:27:29.0725 PM<br/>[ReportManager] File Action "CreateFile" successfully performed. With the following test data "Target Folder: "allure-results//screenshots/20220824-122629", Target File: "/1661336851634_setUp.gif"". @24-08-2022 12:27:32.0615 PM<br/>[ReportManager] Full screen window "<html><head></head><body></body></html>". @24-08-2022 12:27:32.0900 PM<br/>[ReportManager] Window size after fullScreenWindow: (1800, 1126) @24-08-2022 12:27:32.0907 PM<br/>[ReportManager] skipping window maximization due to unknown error, marking step as passed. @24-08-2022 12:27:32.0908 PM<br/>[ReportManager] Maximize window "New screen size is now: (1800, 1126)". @24-08-2022 12:27:35.0345 PM<br/>[ReportManager] Target URL: "https://accept.paymob.com/portal2/en/login" @24-08-2022 12:27:35.0350 PM<br/>[ReportManager] Initial URL: "data:," @24-08-2022 12:27:35.0453 PM<br/>[ReportManager] Navigate to new url failed "https://accept.paymob.com/portal2/en/login". @24-08-2022 12:28:07.0753 PM<br/>[ReportManager] Successfully created attachment "Animated Gif - setUp" @24-08-2022 12:28:07.0815 PM<br/>[ReportManager] Successfully created attachment "SHAFT Engine Logs - Current Method log: setUp" @24-08-2022 12:28:07.0816 PM<br/>[ReportManager] Switch to default content. @24-08-2022 12:28:07.0821 PM</div></td></tr><tr><th>Exception</th></tr><tr><td><div class="stacktrace">java.lang.AssertionError: Navigate to new url failed &quot;https://accept.paymob.com/portal2/en/login&quot;.
	at com.shaft.gui.browser.WebDriverBrowserActions.failAction(WebDriverBrowserActions.java:521)
	at com.shaft.gui.browser.WebDriverBrowserActions.failAction(WebDriverBrowserActions.java:514)
	at com.shaft.gui.browser.WebDriverBrowserActions.navigateToNewURL(WebDriverBrowserActions.java:575)
	at com.shaft.gui.browser.WebDriverBrowserActions.navigateToURL(WebDriverBrowserActions.java:261)
	at com.shaft.gui.browser.WebDriverBrowserActions.navigateToURL(WebDriverBrowserActions.java:164)
	at com.shaft.gui.browser.WebDriverBrowserActions.navigateToURL(WebDriverBrowserActions.java:722)
	at com.paymob.gui.test.production.C3_Preview_Main_Page_Test.setUp(C3_Preview_Main_Page_Test.java:19)
	at java.base/java.util.ArrayList.forEach(ArrayList.java:1511)
	at com.intellij.rt.testng.IDEARemoteTestNG.run(IDEARemoteTestNG.java:66)
	at com.intellij.rt.testng.RemoteTestNGStarter.main(RemoteTestNGStarter.java:109)
Caused by: org.openqa.selenium.TimeoutException: timeout: Timed out receiving message from renderer: 25.057
  (Session info: chrome=104.0.5112.101)
Build info: version: &apos;4.3.0&apos;, revision: &apos;a4995e2c09*&apos;
System info: host: &apos;Muhammads-MacBook-Pro.local&apos;, ip: &apos;fe80:0:0:0:c09:fbd8:7c8d:eb8a%en0&apos;, os.name: &apos;Mac OS X&apos;, os.arch: &apos;x86_64&apos;, os.version: &apos;12.5&apos;, java.version: &apos;17.0.4&apos;
Driver info: org.openqa.selenium.chrome.ChromeDriver
Command: [cc8ea5a5fb26e614ea1937b082ea60e4, get {url=https://accept.paymob.com/portal2/en/login}]
Capabilities {acceptInsecureCerts: true, browserName: chrome, browserVersion: 104.0.5112.101, chrome: {chromedriverVersion: 104.0.5112.79 (3cf3e8c8a07d..., userDataDir: /var/folders/v9/hknmfz2x34s...}, goog:chromeOptions: {debuggerAddress: localhost:61983}, networkConnectionEnabled: false, pageLoadStrategy: normal, platformName: MAC, proxy: Proxy(), se:cdp: ws://localhost:61983/devtoo..., se:cdpVersion: 104.0.5112.101, setWindowRect: true, strictFileInteractability: false, timeouts: {implicit: 0, pageLoad: 30000, script: 30000}, unhandledPromptBehavior: accept and notify, webauthn:extension:credBlob: true, webauthn:extension:largeBlob: true, webauthn:virtualAuthenticators: true}
Session ID: cc8ea5a5fb26e614ea1937b082ea60e4
	at org.openqa.selenium.remote.codec.w3c.W3CHttpResponseCodec.createException(W3CHttpResponseCodec.java:200)
	at org.openqa.selenium.remote.codec.w3c.W3CHttpResponseCodec.decode(W3CHttpResponseCodec.java:133)
	at org.openqa.selenium.remote.codec.w3c.W3CHttpResponseCodec.decode(W3CHttpResponseCodec.java:53)
	at org.openqa.selenium.remote.HttpCommandExecutor.execute(HttpCommandExecutor.java:184)
	at org.openqa.selenium.remote.service.DriverCommandExecutor.invokeExecute(DriverCommandExecutor.java:167)
	at org.openqa.selenium.remote.service.DriverCommandExecutor.execute(DriverCommandExecutor.java:142)
	at org.openqa.selenium.remote.RemoteWebDriver.execute(RemoteWebDriver.java:569)
	at org.openqa.selenium.remote.RemoteWebDriver.get(RemoteWebDriver.java:332)
	at org.openqa.selenium.remote.RemoteWebDriver$RemoteNavigation.to(RemoteWebDriver.java:1056)
	at com.shaft.gui.browser.WebDriverBrowserActions.navigateToNewURL(WebDriverBrowserActions.java:573)
	... 29 more
... Removed 28 stack frames</div></td></tr></table><p class="totop"><a href="#summary">back to summary</a></p>
<h3 id="m2">com.paymob.gui.test.production.C3_Preview_Main_Page_Test#tearDown</h3><table class="result"><tr><th>Exception</th></tr><tr><td><div class="stacktrace">java.lang.NullPointerException: Cannot invoke &quot;com.paymob.gui.pages.D4_MainPage.Paymob_Log_out()&quot; because &quot;this.MainPage_Obj&quot; is null
	at com.paymob.gui.test.production.C3_Preview_Main_Page_Test.tearDown(C3_Preview_Main_Page_Test.java:26)
	at com.intellij.rt.testng.IDEARemoteTestNG.run(IDEARemoteTestNG.java:66)
	at com.intellij.rt.testng.RemoteTestNGStarter.main(RemoteTestNGStarter.java:109)
... Removed 21 stack frames</div></td></tr></table><p class="totop"><a href="#summary">back to summary</a></p>
<h3 id="m3">com.paymob.gui.test.production.D4_Create_Invoice_Test#setUp</h3><table class="result"><tr><th>Messages</th></tr><tr><td><div class="messages">[ReportManager] File Action "DoesFileExist" successfully performed. With the following test data "File Path: "target/downloadedFiles/"". @24-08-2022 12:28:48.0348 PM<br/>[ReportManager] File Action "GetAbsolutePath" successfully performed. With the following test data "Relative Folder Path: "src/test/resources/testDataFiles/target/downloadedFiles/"". @24-08-2022 12:28:48.0348 PM<br/>[ReportManager] Attempting to run locally on: "Mac-64 | GoogleChrome". @24-08-2022 12:28:48.0349 PM<br/>[ReportManager] Identifying OS/Driver combination and selecting the correct driver version automatically. Please note that if a new driver executable will be downloaded it may take some time... @24-08-2022 12:28:48.0350 PM<br/>[ReportManager] Successfully Opened Google Chrome. @24-08-2022 12:28:49.0906 PM<br/>[ReportManager] Initial window size: (1200, 1023) @24-08-2022 12:28:49.0914 PM<br/>[ReportManager] Window size after Toolkit: (1800, 1067) @24-08-2022 12:28:50.0151 PM<br/>[ReportManager] Window size after WebDriver.Manage.Window: (1920, 1067) @24-08-2022 12:28:50.0378 PM<br/>[ReportManager] Initial Windows Size: 1920x1067 @24-08-2022 12:28:50.0393 PM<br/>[ReportManager] Current Windows Size after fullScreen: 1800x1126 @24-08-2022 12:28:50.0549 PM<br/>[ReportManager] File Action "CreateFile" successfully performed. With the following test data "Target Folder: "allure-results//screenshots/20220824-122629", Target File: "/1661336932435_setUp.gif"". @24-08-2022 12:28:53.0446 PM<br/>[ReportManager] Full screen window "<html><head></head><body></body></html>". @24-08-2022 12:28:53.0774 PM<br/>[ReportManager] Window size after fullScreenWindow: (1800, 1126) @24-08-2022 12:28:53.0816 PM<br/>[ReportManager] skipping window maximization due to unknown error, marking step as passed. @24-08-2022 12:28:53.0816 PM<br/>[ReportManager] Maximize window "New screen size is now: (1800, 1126)". @24-08-2022 12:28:56.0254 PM<br/>[ReportManager] Target URL: "https://accept.paymob.com/portal2/en/login" @24-08-2022 12:28:56.0259 PM<br/>[ReportManager] Initial URL: "data:," @24-08-2022 12:28:56.0334 PM<br/>[ReportManager] Navigate to new url failed "https://accept.paymob.com/portal2/en/login". @24-08-2022 12:29:29.0084 PM<br/>[ReportManager] Successfully created attachment "Animated Gif - setUp" @24-08-2022 12:29:29.0103 PM<br/>[ReportManager] Successfully created attachment "SHAFT Engine Logs - Current Method log: setUp" @24-08-2022 12:29:29.0106 PM<br/>[ReportManager] Switch to default content. @24-08-2022 12:29:29.0186 PM</div></td></tr><tr><th>Exception</th></tr><tr><td><div class="stacktrace">java.lang.AssertionError: Navigate to new url failed &quot;https://accept.paymob.com/portal2/en/login&quot;.
	at com.shaft.gui.browser.WebDriverBrowserActions.failAction(WebDriverBrowserActions.java:521)
	at com.shaft.gui.browser.WebDriverBrowserActions.failAction(WebDriverBrowserActions.java:514)
	at com.shaft.gui.browser.WebDriverBrowserActions.navigateToNewURL(WebDriverBrowserActions.java:575)
	at com.shaft.gui.browser.WebDriverBrowserActions.navigateToURL(WebDriverBrowserActions.java:261)
	at com.shaft.gui.browser.WebDriverBrowserActions.navigateToURL(WebDriverBrowserActions.java:164)
	at com.shaft.gui.browser.WebDriverBrowserActions.navigateToURL(WebDriverBrowserActions.java:722)
	at com.paymob.gui.test.production.D4_Create_Invoice_Test.setUp(D4_Create_Invoice_Test.java:21)
	at java.base/java.util.ArrayList.forEach(ArrayList.java:1511)
	at com.intellij.rt.testng.IDEARemoteTestNG.run(IDEARemoteTestNG.java:66)
	at com.intellij.rt.testng.RemoteTestNGStarter.main(RemoteTestNGStarter.java:109)
Caused by: org.openqa.selenium.TimeoutException: timeout: Timed out receiving message from renderer: 28.247
  (Session info: chrome=104.0.5112.101)
Build info: version: &apos;4.3.0&apos;, revision: &apos;a4995e2c09*&apos;
System info: host: &apos;Muhammads-MacBook-Pro.local&apos;, ip: &apos;fe80:0:0:0:c09:fbd8:7c8d:eb8a%en0&apos;, os.name: &apos;Mac OS X&apos;, os.arch: &apos;x86_64&apos;, os.version: &apos;12.5&apos;, java.version: &apos;17.0.4&apos;
Driver info: org.openqa.selenium.chrome.ChromeDriver
Command: [461570bc8241d8971e347f0dacbac30b, get {url=https://accept.paymob.com/portal2/en/login}]
Capabilities {acceptInsecureCerts: true, browserName: chrome, browserVersion: 104.0.5112.101, chrome: {chromedriverVersion: 104.0.5112.79 (3cf3e8c8a07d..., userDataDir: /var/folders/v9/hknmfz2x34s...}, goog:chromeOptions: {debuggerAddress: localhost:62457}, networkConnectionEnabled: false, pageLoadStrategy: normal, platformName: MAC, proxy: Proxy(), se:cdp: ws://localhost:62457/devtoo..., se:cdpVersion: 104.0.5112.101, setWindowRect: true, strictFileInteractability: false, timeouts: {implicit: 0, pageLoad: 30000, script: 30000}, unhandledPromptBehavior: accept and notify, webauthn:extension:credBlob: true, webauthn:extension:largeBlob: true, webauthn:virtualAuthenticators: true}
Session ID: 461570bc8241d8971e347f0dacbac30b
	at org.openqa.selenium.remote.codec.w3c.W3CHttpResponseCodec.createException(W3CHttpResponseCodec.java:200)
	at org.openqa.selenium.remote.codec.w3c.W3CHttpResponseCodec.decode(W3CHttpResponseCodec.java:133)
	at org.openqa.selenium.remote.codec.w3c.W3CHttpResponseCodec.decode(W3CHttpResponseCodec.java:53)
	at org.openqa.selenium.remote.HttpCommandExecutor.execute(HttpCommandExecutor.java:184)
	at org.openqa.selenium.remote.service.DriverCommandExecutor.invokeExecute(DriverCommandExecutor.java:167)
	at org.openqa.selenium.remote.service.DriverCommandExecutor.execute(DriverCommandExecutor.java:142)
	at org.openqa.selenium.remote.RemoteWebDriver.execute(RemoteWebDriver.java:569)
	at org.openqa.selenium.remote.RemoteWebDriver.get(RemoteWebDriver.java:332)
	at org.openqa.selenium.remote.RemoteWebDriver$RemoteNavigation.to(RemoteWebDriver.java:1056)
	at com.shaft.gui.browser.WebDriverBrowserActions.navigateToNewURL(WebDriverBrowserActions.java:573)
	... 29 more
... Removed 28 stack frames</div></td></tr></table><p class="totop"><a href="#summary">back to summary</a></p>
<h3 id="m4">com.paymob.gui.test.production.D4_Create_Invoice_Test#tearDown</h3><table class="result"><tr><th class="invisible"/></tr></table><p class="totop"><a href="#summary">back to summary</a></p>
<h3 id="m5">com.shaft.tools.io.LogsHelper#teardownActivities</h3><table class="result"><tr><th class="invisible"/></tr></table><p class="totop"><a href="#summary">back to summary</a></p>
<h3 id="m6">com.paymob.gui.test.production.B2_Forget_Password_Test#Request_OTP_Password</h3><table class="result"><tr><th>Messages</th></tr><tr><td><div class="messages">
################################################################################################################################################
Starting Execution:	"5 out of 8" test cases in the current suite
Test Method:		"com.paymob.gui.test.production.B2_Forget_Password_Test.Request_OTP_Password"
Test Description:	"Request OTP Password "
################################################################################################################################################<br/>[ReportManager] Successfully created attachment "SHAFT Engine Logs - Current Method log: Request_OTP_Password" @24-08-2022 12:28:48.0342 PM<br/>[ReportManager] Switch to default content. @24-08-2022 12:28:48.0345 PM<br/>
################################################################################################################################################
Starting Execution of a Configuration (Setup or Teardown) Method
Test Method:		"com.paymob.gui.test.production.D4_Create_Invoice_Test.setUp"
################################################################################################################################################</div></td></tr><tr><th>Exception</th></tr><tr><td><div class="stacktrace">java.lang.AssertionError: Navigate to new url failed &quot;https://accept.paymob.com/portal2/en/login&quot;.
	at com.shaft.gui.browser.WebDriverBrowserActions.failAction(WebDriverBrowserActions.java:521)
	at com.shaft.gui.browser.WebDriverBrowserActions.failAction(WebDriverBrowserActions.java:514)
	at com.shaft.gui.browser.WebDriverBrowserActions.navigateToNewURL(WebDriverBrowserActions.java:575)
	at com.shaft.gui.browser.WebDriverBrowserActions.navigateToURL(WebDriverBrowserActions.java:261)
	at com.shaft.gui.browser.WebDriverBrowserActions.navigateToURL(WebDriverBrowserActions.java:164)
	at com.shaft.gui.browser.WebDriverBrowserActions.navigateToURL(WebDriverBrowserActions.java:722)
	at com.paymob.gui.test.production.B2_Forget_Password_Test.setUp(B2_Forget_Password_Test.java:19)
	at java.base/java.util.ArrayList.forEach(ArrayList.java:1511)
	at com.intellij.rt.testng.IDEARemoteTestNG.run(IDEARemoteTestNG.java:66)
	at com.intellij.rt.testng.RemoteTestNGStarter.main(RemoteTestNGStarter.java:109)
Caused by: org.openqa.selenium.TimeoutException: timeout: Timed out receiving message from renderer: 28.379
  (Session info: chrome=104.0.5112.101)
Build info: version: &apos;4.3.0&apos;, revision: &apos;a4995e2c09*&apos;
System info: host: &apos;Muhammads-MacBook-Pro.local&apos;, ip: &apos;fe80:0:0:0:c09:fbd8:7c8d:eb8a%en0&apos;, os.name: &apos;Mac OS X&apos;, os.arch: &apos;x86_64&apos;, os.version: &apos;12.5&apos;, java.version: &apos;17.0.4&apos;
Driver info: org.openqa.selenium.chrome.ChromeDriver
Command: [f79bd17d245a4dea14ae69087d38f4c9, get {url=https://accept.paymob.com/portal2/en/login}]
Capabilities {acceptInsecureCerts: true, browserName: chrome, browserVersion: 104.0.5112.101, chrome: {chromedriverVersion: 104.0.5112.79 (3cf3e8c8a07d..., userDataDir: /var/folders/v9/hknmfz2x34s...}, goog:chromeOptions: {debuggerAddress: localhost:62212}, networkConnectionEnabled: false, pageLoadStrategy: normal, platformName: MAC, proxy: Proxy(), se:cdp: ws://localhost:62212/devtoo..., se:cdpVersion: 104.0.5112.101, setWindowRect: true, strictFileInteractability: false, timeouts: {implicit: 0, pageLoad: 30000, script: 30000}, unhandledPromptBehavior: accept and notify, webauthn:extension:credBlob: true, webauthn:extension:largeBlob: true, webauthn:virtualAuthenticators: true}
Session ID: f79bd17d245a4dea14ae69087d38f4c9
	at org.openqa.selenium.remote.codec.w3c.W3CHttpResponseCodec.createException(W3CHttpResponseCodec.java:200)
	at org.openqa.selenium.remote.codec.w3c.W3CHttpResponseCodec.decode(W3CHttpResponseCodec.java:133)
	at org.openqa.selenium.remote.codec.w3c.W3CHttpResponseCodec.decode(W3CHttpResponseCodec.java:53)
	at org.openqa.selenium.remote.HttpCommandExecutor.execute(HttpCommandExecutor.java:184)
	at org.openqa.selenium.remote.service.DriverCommandExecutor.invokeExecute(DriverCommandExecutor.java:167)
	at org.openqa.selenium.remote.service.DriverCommandExecutor.execute(DriverCommandExecutor.java:142)
	at org.openqa.selenium.remote.RemoteWebDriver.execute(RemoteWebDriver.java:569)
	at org.openqa.selenium.remote.RemoteWebDriver.get(RemoteWebDriver.java:332)
	at org.openqa.selenium.remote.RemoteWebDriver$RemoteNavigation.to(RemoteWebDriver.java:1056)
	at com.shaft.gui.browser.WebDriverBrowserActions.navigateToNewURL(WebDriverBrowserActions.java:573)
	... 29 more
... Removed 28 stack frames</div></td></tr></table><p class="totop"><a href="#summary">back to summary</a></p>
<h3 id="m7">com.paymob.gui.test.production.B2_Forget_Password_Test#Select_Forget_Password</h3><table class="result"><tr><th>Messages</th></tr><tr><td><div class="messages">
################################################################################################################################################
Starting Execution:	"4 out of 8" test cases in the current suite
Test Method:		"com.paymob.gui.test.production.B2_Forget_Password_Test.Select_Forget_Password"
Test Description:	"Navigate Paymob Dashboard and Select Forget Password"
################################################################################################################################################<br/>[ReportManager] Successfully created attachment "SHAFT Engine Logs - Current Method log: Select_Forget_Password" @24-08-2022 12:28:48.0326 PM<br/>[ReportManager] Switch to default content. @24-08-2022 12:28:48.0334 PM</div></td></tr><tr><th>Exception</th></tr><tr><td><div class="stacktrace">java.lang.AssertionError: Navigate to new url failed &quot;https://accept.paymob.com/portal2/en/login&quot;.
	at com.shaft.gui.browser.WebDriverBrowserActions.failAction(WebDriverBrowserActions.java:521)
	at com.shaft.gui.browser.WebDriverBrowserActions.failAction(WebDriverBrowserActions.java:514)
	at com.shaft.gui.browser.WebDriverBrowserActions.navigateToNewURL(WebDriverBrowserActions.java:575)
	at com.shaft.gui.browser.WebDriverBrowserActions.navigateToURL(WebDriverBrowserActions.java:261)
	at com.shaft.gui.browser.WebDriverBrowserActions.navigateToURL(WebDriverBrowserActions.java:164)
	at com.shaft.gui.browser.WebDriverBrowserActions.navigateToURL(WebDriverBrowserActions.java:722)
	at com.paymob.gui.test.production.B2_Forget_Password_Test.setUp(B2_Forget_Password_Test.java:19)
	at java.base/java.util.ArrayList.forEach(ArrayList.java:1511)
	at com.intellij.rt.testng.IDEARemoteTestNG.run(IDEARemoteTestNG.java:66)
	at com.intellij.rt.testng.RemoteTestNGStarter.main(RemoteTestNGStarter.java:109)
Caused by: org.openqa.selenium.TimeoutException: timeout: Timed out receiving message from renderer: 28.379
  (Session info: chrome=104.0.5112.101)
Build info: version: &apos;4.3.0&apos;, revision: &apos;a4995e2c09*&apos;
System info: host: &apos;Muhammads-MacBook-Pro.local&apos;, ip: &apos;fe80:0:0:0:c09:fbd8:7c8d:eb8a%en0&apos;, os.name: &apos;Mac OS X&apos;, os.arch: &apos;x86_64&apos;, os.version: &apos;12.5&apos;, java.version: &apos;17.0.4&apos;
Driver info: org.openqa.selenium.chrome.ChromeDriver
Command: [f79bd17d245a4dea14ae69087d38f4c9, get {url=https://accept.paymob.com/portal2/en/login}]
Capabilities {acceptInsecureCerts: true, browserName: chrome, browserVersion: 104.0.5112.101, chrome: {chromedriverVersion: 104.0.5112.79 (3cf3e8c8a07d..., userDataDir: /var/folders/v9/hknmfz2x34s...}, goog:chromeOptions: {debuggerAddress: localhost:62212}, networkConnectionEnabled: false, pageLoadStrategy: normal, platformName: MAC, proxy: Proxy(), se:cdp: ws://localhost:62212/devtoo..., se:cdpVersion: 104.0.5112.101, setWindowRect: true, strictFileInteractability: false, timeouts: {implicit: 0, pageLoad: 30000, script: 30000}, unhandledPromptBehavior: accept and notify, webauthn:extension:credBlob: true, webauthn:extension:largeBlob: true, webauthn:virtualAuthenticators: true}
Session ID: f79bd17d245a4dea14ae69087d38f4c9
	at org.openqa.selenium.remote.codec.w3c.W3CHttpResponseCodec.createException(W3CHttpResponseCodec.java:200)
	at org.openqa.selenium.remote.codec.w3c.W3CHttpResponseCodec.decode(W3CHttpResponseCodec.java:133)
	at org.openqa.selenium.remote.codec.w3c.W3CHttpResponseCodec.decode(W3CHttpResponseCodec.java:53)
	at org.openqa.selenium.remote.HttpCommandExecutor.execute(HttpCommandExecutor.java:184)
	at org.openqa.selenium.remote.service.DriverCommandExecutor.invokeExecute(DriverCommandExecutor.java:167)
	at org.openqa.selenium.remote.service.DriverCommandExecutor.execute(DriverCommandExecutor.java:142)
	at org.openqa.selenium.remote.RemoteWebDriver.execute(RemoteWebDriver.java:569)
	at org.openqa.selenium.remote.RemoteWebDriver.get(RemoteWebDriver.java:332)
	at org.openqa.selenium.remote.RemoteWebDriver$RemoteNavigation.to(RemoteWebDriver.java:1056)
	at com.shaft.gui.browser.WebDriverBrowserActions.navigateToNewURL(WebDriverBrowserActions.java:573)
	... 29 more
... Removed 28 stack frames</div></td></tr></table><p class="totop"><a href="#summary">back to summary</a></p>
<h3 id="m8">com.paymob.gui.test.production.C3_Preview_Main_Page_Test#Login</h3><table class="result"><tr><th>Messages</th></tr><tr><td><div class="messages">
################################################################################################################################################
Starting Execution:	"2 out of 8" test cases in the current suite
Test Method:		"com.paymob.gui.test.production.C3_Preview_Main_Page_Test.Login"
Test Description:	"Login Paymob Dashboard "
################################################################################################################################################<br/>[ReportManager] Successfully created attachment "SHAFT Engine Logs - Current Method log: Login" @24-08-2022 12:28:07.0895 PM<br/>[ReportManager] Switch to default content. @24-08-2022 12:28:07.0899 PM</div></td></tr><tr><th>Exception</th></tr><tr><td><div class="stacktrace">java.lang.AssertionError: Navigate to new url failed &quot;https://accept.paymob.com/portal2/en/login&quot;.
	at com.shaft.gui.browser.WebDriverBrowserActions.failAction(WebDriverBrowserActions.java:521)
	at com.shaft.gui.browser.WebDriverBrowserActions.failAction(WebDriverBrowserActions.java:514)
	at com.shaft.gui.browser.WebDriverBrowserActions.navigateToNewURL(WebDriverBrowserActions.java:575)
	at com.shaft.gui.browser.WebDriverBrowserActions.navigateToURL(WebDriverBrowserActions.java:261)
	at com.shaft.gui.browser.WebDriverBrowserActions.navigateToURL(WebDriverBrowserActions.java:164)
	at com.shaft.gui.browser.WebDriverBrowserActions.navigateToURL(WebDriverBrowserActions.java:722)
	at com.paymob.gui.test.production.C3_Preview_Main_Page_Test.setUp(C3_Preview_Main_Page_Test.java:19)
	at java.base/java.util.ArrayList.forEach(ArrayList.java:1511)
	at com.intellij.rt.testng.IDEARemoteTestNG.run(IDEARemoteTestNG.java:66)
	at com.intellij.rt.testng.RemoteTestNGStarter.main(RemoteTestNGStarter.java:109)
Caused by: org.openqa.selenium.TimeoutException: timeout: Timed out receiving message from renderer: 25.057
  (Session info: chrome=104.0.5112.101)
Build info: version: &apos;4.3.0&apos;, revision: &apos;a4995e2c09*&apos;
System info: host: &apos;Muhammads-MacBook-Pro.local&apos;, ip: &apos;fe80:0:0:0:c09:fbd8:7c8d:eb8a%en0&apos;, os.name: &apos;Mac OS X&apos;, os.arch: &apos;x86_64&apos;, os.version: &apos;12.5&apos;, java.version: &apos;17.0.4&apos;
Driver info: org.openqa.selenium.chrome.ChromeDriver
Command: [cc8ea5a5fb26e614ea1937b082ea60e4, get {url=https://accept.paymob.com/portal2/en/login}]
Capabilities {acceptInsecureCerts: true, browserName: chrome, browserVersion: 104.0.5112.101, chrome: {chromedriverVersion: 104.0.5112.79 (3cf3e8c8a07d..., userDataDir: /var/folders/v9/hknmfz2x34s...}, goog:chromeOptions: {debuggerAddress: localhost:61983}, networkConnectionEnabled: false, pageLoadStrategy: normal, platformName: MAC, proxy: Proxy(), se:cdp: ws://localhost:61983/devtoo..., se:cdpVersion: 104.0.5112.101, setWindowRect: true, strictFileInteractability: false, timeouts: {implicit: 0, pageLoad: 30000, script: 30000}, unhandledPromptBehavior: accept and notify, webauthn:extension:credBlob: true, webauthn:extension:largeBlob: true, webauthn:virtualAuthenticators: true}
Session ID: cc8ea5a5fb26e614ea1937b082ea60e4
	at org.openqa.selenium.remote.codec.w3c.W3CHttpResponseCodec.createException(W3CHttpResponseCodec.java:200)
	at org.openqa.selenium.remote.codec.w3c.W3CHttpResponseCodec.decode(W3CHttpResponseCodec.java:133)
	at org.openqa.selenium.remote.codec.w3c.W3CHttpResponseCodec.decode(W3CHttpResponseCodec.java:53)
	at org.openqa.selenium.remote.HttpCommandExecutor.execute(HttpCommandExecutor.java:184)
	at org.openqa.selenium.remote.service.DriverCommandExecutor.invokeExecute(DriverCommandExecutor.java:167)
	at org.openqa.selenium.remote.service.DriverCommandExecutor.execute(DriverCommandExecutor.java:142)
	at org.openqa.selenium.remote.RemoteWebDriver.execute(RemoteWebDriver.java:569)
	at org.openqa.selenium.remote.RemoteWebDriver.get(RemoteWebDriver.java:332)
	at org.openqa.selenium.remote.RemoteWebDriver$RemoteNavigation.to(RemoteWebDriver.java:1056)
	at com.shaft.gui.browser.WebDriverBrowserActions.navigateToNewURL(WebDriverBrowserActions.java:573)
	... 29 more
... Removed 28 stack frames</div></td></tr></table><p class="totop"><a href="#summary">back to summary</a></p>
<h3 id="m9">com.paymob.gui.test.production.C3_Preview_Main_Page_Test#Preview_Main_Page_Functions</h3><table class="result"><tr><th>Messages</th></tr><tr><td><div class="messages">
################################################################################################################################################
Starting Execution:	"3 out of 8" test cases in the current suite
Test Method:		"com.paymob.gui.test.production.C3_Preview_Main_Page_Test.Preview_Main_Page_Functions"
Test Description:	"Preview Main Page Functions"
################################################################################################################################################<br/>[ReportManager] Successfully created attachment "SHAFT Engine Logs - Current Method log: Preview_Main_Page_Functions" @24-08-2022 12:28:07.0945 PM<br/>[ReportManager] Switch to default content. @24-08-2022 12:28:07.0970 PM<br/>
################################################################################################################################################
Starting Execution of a Configuration (Setup or Teardown) Method
Test Method:		"com.paymob.gui.test.production.B2_Forget_Password_Test.setUp"
################################################################################################################################################</div></td></tr><tr><th>Exception</th></tr><tr><td><div class="stacktrace">java.lang.AssertionError: Navigate to new url failed &quot;https://accept.paymob.com/portal2/en/login&quot;.
	at com.shaft.gui.browser.WebDriverBrowserActions.failAction(WebDriverBrowserActions.java:521)
	at com.shaft.gui.browser.WebDriverBrowserActions.failAction(WebDriverBrowserActions.java:514)
	at com.shaft.gui.browser.WebDriverBrowserActions.navigateToNewURL(WebDriverBrowserActions.java:575)
	at com.shaft.gui.browser.WebDriverBrowserActions.navigateToURL(WebDriverBrowserActions.java:261)
	at com.shaft.gui.browser.WebDriverBrowserActions.navigateToURL(WebDriverBrowserActions.java:164)
	at com.shaft.gui.browser.WebDriverBrowserActions.navigateToURL(WebDriverBrowserActions.java:722)
	at com.paymob.gui.test.production.C3_Preview_Main_Page_Test.setUp(C3_Preview_Main_Page_Test.java:19)
	at java.base/java.util.ArrayList.forEach(ArrayList.java:1511)
	at com.intellij.rt.testng.IDEARemoteTestNG.run(IDEARemoteTestNG.java:66)
	at com.intellij.rt.testng.RemoteTestNGStarter.main(RemoteTestNGStarter.java:109)
Caused by: org.openqa.selenium.TimeoutException: timeout: Timed out receiving message from renderer: 25.057
  (Session info: chrome=104.0.5112.101)
Build info: version: &apos;4.3.0&apos;, revision: &apos;a4995e2c09*&apos;
System info: host: &apos;Muhammads-MacBook-Pro.local&apos;, ip: &apos;fe80:0:0:0:c09:fbd8:7c8d:eb8a%en0&apos;, os.name: &apos;Mac OS X&apos;, os.arch: &apos;x86_64&apos;, os.version: &apos;12.5&apos;, java.version: &apos;17.0.4&apos;
Driver info: org.openqa.selenium.chrome.ChromeDriver
Command: [cc8ea5a5fb26e614ea1937b082ea60e4, get {url=https://accept.paymob.com/portal2/en/login}]
Capabilities {acceptInsecureCerts: true, browserName: chrome, browserVersion: 104.0.5112.101, chrome: {chromedriverVersion: 104.0.5112.79 (3cf3e8c8a07d..., userDataDir: /var/folders/v9/hknmfz2x34s...}, goog:chromeOptions: {debuggerAddress: localhost:61983}, networkConnectionEnabled: false, pageLoadStrategy: normal, platformName: MAC, proxy: Proxy(), se:cdp: ws://localhost:61983/devtoo..., se:cdpVersion: 104.0.5112.101, setWindowRect: true, strictFileInteractability: false, timeouts: {implicit: 0, pageLoad: 30000, script: 30000}, unhandledPromptBehavior: accept and notify, webauthn:extension:credBlob: true, webauthn:extension:largeBlob: true, webauthn:virtualAuthenticators: true}
Session ID: cc8ea5a5fb26e614ea1937b082ea60e4
	at org.openqa.selenium.remote.codec.w3c.W3CHttpResponseCodec.createException(W3CHttpResponseCodec.java:200)
	at org.openqa.selenium.remote.codec.w3c.W3CHttpResponseCodec.decode(W3CHttpResponseCodec.java:133)
	at org.openqa.selenium.remote.codec.w3c.W3CHttpResponseCodec.decode(W3CHttpResponseCodec.java:53)
	at org.openqa.selenium.remote.HttpCommandExecutor.execute(HttpCommandExecutor.java:184)
	at org.openqa.selenium.remote.service.DriverCommandExecutor.invokeExecute(DriverCommandExecutor.java:167)
	at org.openqa.selenium.remote.service.DriverCommandExecutor.execute(DriverCommandExecutor.java:142)
	at org.openqa.selenium.remote.RemoteWebDriver.execute(RemoteWebDriver.java:569)
	at org.openqa.selenium.remote.RemoteWebDriver.get(RemoteWebDriver.java:332)
	at org.openqa.selenium.remote.RemoteWebDriver$RemoteNavigation.to(RemoteWebDriver.java:1056)
	at com.shaft.gui.browser.WebDriverBrowserActions.navigateToNewURL(WebDriverBrowserActions.java:573)
	... 29 more
... Removed 28 stack frames</div></td></tr></table><p class="totop"><a href="#summary">back to summary</a></p>
<h3 id="m10">com.paymob.gui.test.production.D4_Create_Invoice_Test#Create_Kiosk_Invoice</h3><table class="result"><tr><th>Messages</th></tr><tr><td><div class="messages">
################################################################################################################################################
Starting Execution:	"8 out of 8" test cases in the current suite
Test Method:		"com.paymob.gui.test.production.D4_Create_Invoice_Test.Create_Kiosk_Invoice"
Test Description:	"Create Kiosk Invoice"
################################################################################################################################################<br/>[ReportManager] Successfully created attachment "SHAFT Engine Logs - Current Method log: Create_Kiosk_Invoice" @24-08-2022 12:29:29.0735 PM<br/>[ReportManager] Switch to default content. @24-08-2022 12:29:29.0809 PM<br/>
################################################################################################################################################
Starting Execution of a Configuration (Setup or Teardown) Method
Test Method:		"com.paymob.gui.test.production.A1_SignUp_Test.tearDown"
################################################################################################################################################</div></td></tr><tr><th>Exception</th></tr><tr><td><div class="stacktrace">java.lang.AssertionError: Navigate to new url failed &quot;https://accept.paymob.com/portal2/en/login&quot;.
	at com.shaft.gui.browser.WebDriverBrowserActions.failAction(WebDriverBrowserActions.java:521)
	at com.shaft.gui.browser.WebDriverBrowserActions.failAction(WebDriverBrowserActions.java:514)
	at com.shaft.gui.browser.WebDriverBrowserActions.navigateToNewURL(WebDriverBrowserActions.java:575)
	at com.shaft.gui.browser.WebDriverBrowserActions.navigateToURL(WebDriverBrowserActions.java:261)
	at com.shaft.gui.browser.WebDriverBrowserActions.navigateToURL(WebDriverBrowserActions.java:164)
	at com.shaft.gui.browser.WebDriverBrowserActions.navigateToURL(WebDriverBrowserActions.java:722)
	at com.paymob.gui.test.production.D4_Create_Invoice_Test.setUp(D4_Create_Invoice_Test.java:21)
	at java.base/java.util.ArrayList.forEach(ArrayList.java:1511)
	at com.intellij.rt.testng.IDEARemoteTestNG.run(IDEARemoteTestNG.java:66)
	at com.intellij.rt.testng.RemoteTestNGStarter.main(RemoteTestNGStarter.java:109)
Caused by: org.openqa.selenium.TimeoutException: timeout: Timed out receiving message from renderer: 28.247
  (Session info: chrome=104.0.5112.101)
Build info: version: &apos;4.3.0&apos;, revision: &apos;a4995e2c09*&apos;
System info: host: &apos;Muhammads-MacBook-Pro.local&apos;, ip: &apos;fe80:0:0:0:c09:fbd8:7c8d:eb8a%en0&apos;, os.name: &apos;Mac OS X&apos;, os.arch: &apos;x86_64&apos;, os.version: &apos;12.5&apos;, java.version: &apos;17.0.4&apos;
Driver info: org.openqa.selenium.chrome.ChromeDriver
Command: [461570bc8241d8971e347f0dacbac30b, get {url=https://accept.paymob.com/portal2/en/login}]
Capabilities {acceptInsecureCerts: true, browserName: chrome, browserVersion: 104.0.5112.101, chrome: {chromedriverVersion: 104.0.5112.79 (3cf3e8c8a07d..., userDataDir: /var/folders/v9/hknmfz2x34s...}, goog:chromeOptions: {debuggerAddress: localhost:62457}, networkConnectionEnabled: false, pageLoadStrategy: normal, platformName: MAC, proxy: Proxy(), se:cdp: ws://localhost:62457/devtoo..., se:cdpVersion: 104.0.5112.101, setWindowRect: true, strictFileInteractability: false, timeouts: {implicit: 0, pageLoad: 30000, script: 30000}, unhandledPromptBehavior: accept and notify, webauthn:extension:credBlob: true, webauthn:extension:largeBlob: true, webauthn:virtualAuthenticators: true}
Session ID: 461570bc8241d8971e347f0dacbac30b
	at org.openqa.selenium.remote.codec.w3c.W3CHttpResponseCodec.createException(W3CHttpResponseCodec.java:200)
	at org.openqa.selenium.remote.codec.w3c.W3CHttpResponseCodec.decode(W3CHttpResponseCodec.java:133)
	at org.openqa.selenium.remote.codec.w3c.W3CHttpResponseCodec.decode(W3CHttpResponseCodec.java:53)
	at org.openqa.selenium.remote.HttpCommandExecutor.execute(HttpCommandExecutor.java:184)
	at org.openqa.selenium.remote.service.DriverCommandExecutor.invokeExecute(DriverCommandExecutor.java:167)
	at org.openqa.selenium.remote.service.DriverCommandExecutor.execute(DriverCommandExecutor.java:142)
	at org.openqa.selenium.remote.RemoteWebDriver.execute(RemoteWebDriver.java:569)
	at org.openqa.selenium.remote.RemoteWebDriver.get(RemoteWebDriver.java:332)
	at org.openqa.selenium.remote.RemoteWebDriver$RemoteNavigation.to(RemoteWebDriver.java:1056)
	at com.shaft.gui.browser.WebDriverBrowserActions.navigateToNewURL(WebDriverBrowserActions.java:573)
	... 29 more
... Removed 28 stack frames</div></td></tr></table><p class="totop"><a href="#summary">back to summary</a></p>
<h3 id="m11">com.paymob.gui.test.production.D4_Create_Invoice_Test#Create_Online_Card_Invoice</h3><table class="result"><tr><th>Messages</th></tr><tr><td><div class="messages">
################################################################################################################################################
Starting Execution:	"7 out of 8" test cases in the current suite
Test Method:		"com.paymob.gui.test.production.D4_Create_Invoice_Test.Create_Online_Card_Invoice"
Test Description:	"Create Invoice"
################################################################################################################################################<br/>[ReportManager] Successfully created attachment "SHAFT Engine Logs - Current Method log: Create_Online_Card_Invoice" @24-08-2022 12:29:29.0640 PM<br/>[ReportManager] Switch to default content. @24-08-2022 12:29:29.0681 PM</div></td></tr><tr><th>Exception</th></tr><tr><td><div class="stacktrace">java.lang.AssertionError: Navigate to new url failed &quot;https://accept.paymob.com/portal2/en/login&quot;.
	at com.shaft.gui.browser.WebDriverBrowserActions.failAction(WebDriverBrowserActions.java:521)
	at com.shaft.gui.browser.WebDriverBrowserActions.failAction(WebDriverBrowserActions.java:514)
	at com.shaft.gui.browser.WebDriverBrowserActions.navigateToNewURL(WebDriverBrowserActions.java:575)
	at com.shaft.gui.browser.WebDriverBrowserActions.navigateToURL(WebDriverBrowserActions.java:261)
	at com.shaft.gui.browser.WebDriverBrowserActions.navigateToURL(WebDriverBrowserActions.java:164)
	at com.shaft.gui.browser.WebDriverBrowserActions.navigateToURL(WebDriverBrowserActions.java:722)
	at com.paymob.gui.test.production.D4_Create_Invoice_Test.setUp(D4_Create_Invoice_Test.java:21)
	at java.base/java.util.ArrayList.forEach(ArrayList.java:1511)
	at com.intellij.rt.testng.IDEARemoteTestNG.run(IDEARemoteTestNG.java:66)
	at com.intellij.rt.testng.RemoteTestNGStarter.main(RemoteTestNGStarter.java:109)
Caused by: org.openqa.selenium.TimeoutException: timeout: Timed out receiving message from renderer: 28.247
  (Session info: chrome=104.0.5112.101)
Build info: version: &apos;4.3.0&apos;, revision: &apos;a4995e2c09*&apos;
System info: host: &apos;Muhammads-MacBook-Pro.local&apos;, ip: &apos;fe80:0:0:0:c09:fbd8:7c8d:eb8a%en0&apos;, os.name: &apos;Mac OS X&apos;, os.arch: &apos;x86_64&apos;, os.version: &apos;12.5&apos;, java.version: &apos;17.0.4&apos;
Driver info: org.openqa.selenium.chrome.ChromeDriver
Command: [461570bc8241d8971e347f0dacbac30b, get {url=https://accept.paymob.com/portal2/en/login}]
Capabilities {acceptInsecureCerts: true, browserName: chrome, browserVersion: 104.0.5112.101, chrome: {chromedriverVersion: 104.0.5112.79 (3cf3e8c8a07d..., userDataDir: /var/folders/v9/hknmfz2x34s...}, goog:chromeOptions: {debuggerAddress: localhost:62457}, networkConnectionEnabled: false, pageLoadStrategy: normal, platformName: MAC, proxy: Proxy(), se:cdp: ws://localhost:62457/devtoo..., se:cdpVersion: 104.0.5112.101, setWindowRect: true, strictFileInteractability: false, timeouts: {implicit: 0, pageLoad: 30000, script: 30000}, unhandledPromptBehavior: accept and notify, webauthn:extension:credBlob: true, webauthn:extension:largeBlob: true, webauthn:virtualAuthenticators: true}
Session ID: 461570bc8241d8971e347f0dacbac30b
	at org.openqa.selenium.remote.codec.w3c.W3CHttpResponseCodec.createException(W3CHttpResponseCodec.java:200)
	at org.openqa.selenium.remote.codec.w3c.W3CHttpResponseCodec.decode(W3CHttpResponseCodec.java:133)
	at org.openqa.selenium.remote.codec.w3c.W3CHttpResponseCodec.decode(W3CHttpResponseCodec.java:53)
	at org.openqa.selenium.remote.HttpCommandExecutor.execute(HttpCommandExecutor.java:184)
	at org.openqa.selenium.remote.service.DriverCommandExecutor.invokeExecute(DriverCommandExecutor.java:167)
	at org.openqa.selenium.remote.service.DriverCommandExecutor.execute(DriverCommandExecutor.java:142)
	at org.openqa.selenium.remote.RemoteWebDriver.execute(RemoteWebDriver.java:569)
	at org.openqa.selenium.remote.RemoteWebDriver.get(RemoteWebDriver.java:332)
	at org.openqa.selenium.remote.RemoteWebDriver$RemoteNavigation.to(RemoteWebDriver.java:1056)
	at com.shaft.gui.browser.WebDriverBrowserActions.navigateToNewURL(WebDriverBrowserActions.java:573)
	... 29 more
... Removed 28 stack frames</div></td></tr></table><p class="totop"><a href="#summary">back to summary</a></p>
<h3 id="m12">com.paymob.gui.test.production.D4_Create_Invoice_Test#Login</h3><table class="result"><tr><th>Messages</th></tr><tr><td><div class="messages">
################################################################################################################################################
Starting Execution:	"6 out of 8" test cases in the current suite
Test Method:		"com.paymob.gui.test.production.D4_Create_Invoice_Test.Login"
Test Description:	"Login Paymob Dashboard "
################################################################################################################################################<br/>[ReportManager] Successfully created attachment "SHAFT Engine Logs - Current Method log: Login" @24-08-2022 12:29:29.0498 PM<br/>[ReportManager] Switch to default content. @24-08-2022 12:29:29.0551 PM</div></td></tr><tr><th>Exception</th></tr><tr><td><div class="stacktrace">java.lang.AssertionError: Navigate to new url failed &quot;https://accept.paymob.com/portal2/en/login&quot;.
	at com.shaft.gui.browser.WebDriverBrowserActions.failAction(WebDriverBrowserActions.java:521)
	at com.shaft.gui.browser.WebDriverBrowserActions.failAction(WebDriverBrowserActions.java:514)
	at com.shaft.gui.browser.WebDriverBrowserActions.navigateToNewURL(WebDriverBrowserActions.java:575)
	at com.shaft.gui.browser.WebDriverBrowserActions.navigateToURL(WebDriverBrowserActions.java:261)
	at com.shaft.gui.browser.WebDriverBrowserActions.navigateToURL(WebDriverBrowserActions.java:164)
	at com.shaft.gui.browser.WebDriverBrowserActions.navigateToURL(WebDriverBrowserActions.java:722)
	at com.paymob.gui.test.production.D4_Create_Invoice_Test.setUp(D4_Create_Invoice_Test.java:21)
	at java.base/java.util.ArrayList.forEach(ArrayList.java:1511)
	at com.intellij.rt.testng.IDEARemoteTestNG.run(IDEARemoteTestNG.java:66)
	at com.intellij.rt.testng.RemoteTestNGStarter.main(RemoteTestNGStarter.java:109)
Caused by: org.openqa.selenium.TimeoutException: timeout: Timed out receiving message from renderer: 28.247
  (Session info: chrome=104.0.5112.101)
Build info: version: &apos;4.3.0&apos;, revision: &apos;a4995e2c09*&apos;
System info: host: &apos;Muhammads-MacBook-Pro.local&apos;, ip: &apos;fe80:0:0:0:c09:fbd8:7c8d:eb8a%en0&apos;, os.name: &apos;Mac OS X&apos;, os.arch: &apos;x86_64&apos;, os.version: &apos;12.5&apos;, java.version: &apos;17.0.4&apos;
Driver info: org.openqa.selenium.chrome.ChromeDriver
Command: [461570bc8241d8971e347f0dacbac30b, get {url=https://accept.paymob.com/portal2/en/login}]
Capabilities {acceptInsecureCerts: true, browserName: chrome, browserVersion: 104.0.5112.101, chrome: {chromedriverVersion: 104.0.5112.79 (3cf3e8c8a07d..., userDataDir: /var/folders/v9/hknmfz2x34s...}, goog:chromeOptions: {debuggerAddress: localhost:62457}, networkConnectionEnabled: false, pageLoadStrategy: normal, platformName: MAC, proxy: Proxy(), se:cdp: ws://localhost:62457/devtoo..., se:cdpVersion: 104.0.5112.101, setWindowRect: true, strictFileInteractability: false, timeouts: {implicit: 0, pageLoad: 30000, script: 30000}, unhandledPromptBehavior: accept and notify, webauthn:extension:credBlob: true, webauthn:extension:largeBlob: true, webauthn:virtualAuthenticators: true}
Session ID: 461570bc8241d8971e347f0dacbac30b
	at org.openqa.selenium.remote.codec.w3c.W3CHttpResponseCodec.createException(W3CHttpResponseCodec.java:200)
	at org.openqa.selenium.remote.codec.w3c.W3CHttpResponseCodec.decode(W3CHttpResponseCodec.java:133)
	at org.openqa.selenium.remote.codec.w3c.W3CHttpResponseCodec.decode(W3CHttpResponseCodec.java:53)
	at org.openqa.selenium.remote.HttpCommandExecutor.execute(HttpCommandExecutor.java:184)
	at org.openqa.selenium.remote.service.DriverCommandExecutor.invokeExecute(DriverCommandExecutor.java:167)
	at org.openqa.selenium.remote.service.DriverCommandExecutor.execute(DriverCommandExecutor.java:142)
	at org.openqa.selenium.remote.RemoteWebDriver.execute(RemoteWebDriver.java:569)
	at org.openqa.selenium.remote.RemoteWebDriver.get(RemoteWebDriver.java:332)
	at org.openqa.selenium.remote.RemoteWebDriver$RemoteNavigation.to(RemoteWebDriver.java:1056)
	at com.shaft.gui.browser.WebDriverBrowserActions.navigateToNewURL(WebDriverBrowserActions.java:573)
	... 29 more
... Removed 28 stack frames</div></td></tr></table><p class="totop"><a href="#summary">back to summary</a></p>
<h3 id="m13">com.paymob.gui.test.production.A1_SignUp_Test#Paymob_Sign_Up</h3><table class="result"><tr><th>Messages</th></tr><tr><td><div class="messages">
################################################################################################################################################
Starting Execution:	"1 out of 8" test cases in the current suite
Test Method:		"com.paymob.gui.test.production.A1_SignUp_Test.Paymob_Sign_Up"
Test Description:	"Login Paymob Dashboard "
################################################################################################################################################<br/>[ReportManager] File Action "CreateFile" successfully performed. With the following test data "Target Folder: "allure-results//screenshots/20220824-122629", Target File: "/1661336826383_Paymob_Sign_Up.gif"". @24-08-2022 12:27:06.0898 PM<br/>[ReportManager] Click "Sign Up". @24-08-2022 12:27:08.0227 PM<br/>[ReportManager] Type "01004822119". @24-08-2022 12:27:19.0462 PM<br/>[ReportManager] Click "Next". @24-08-2022 12:27:22.0375 PM<br/>[ReportManager] Get text "Create your Paymob account". @24-08-2022 12:27:22.0716 PM<br/>[ReportManager] Get text "Create your Paymob account". @24-08-2022 12:27:22.0773 PM<br/>[ReportManager] Assertion Passed: The Element located by "By.xpath: //p[@class='sub-title']" text contains "Paymob account". @24-08-2022 12:27:27.0040 PM<br/>[ReportManager] Successfully created attachment "Screenshot - 1661336845872_Paymob_Sign_Up_ValidateElementAttribute_passed" @24-08-2022 12:27:27.0148 PM<br/>[ReportManager] Successfully created attachment "Animated Gif - Paymob_Sign_Up" @24-08-2022 12:27:27.0172 PM<br/>[ReportManager] Successfully created attachment "SHAFT Engine Logs - Current Method log: Paymob_Sign_Up" @24-08-2022 12:27:27.0173 PM<br/>[ReportManager] Switch to default content. @24-08-2022 12:27:27.0631 PM</div></td></tr></table><p class="totop"><a href="#summary">back to summary</a></p>
</body>
</html>
