<?xml version="1.0" encoding="UTF-8"?>
<!-- Generated by org.testng.reporters.JUnitReportReporter -->
<testsuite hostname="DESKTOP-JA4DIIH" failures="1" tests="1" name="com.paymob.gui.tests.SignUpTest" time="3.861" errors="0" timestamp="2022-08-19T01:47:07 EET" skipped="0">
  <testcase classname="com.paymob.gui.tests.SignUpTest" name="Paymob_Sign_Up" time="3.861">
    <failure message="Assertion &quot;ValidateElementAttribute&quot; FAILED. Expected &quot;Value Should be &#039;verification code was just sent&#039; for the &#039;text&#039; attribute, element locator &#039;By.xpath: //p[@class=&#039;sub-title&#039;]&#039;&quot; and Actual &quot;Create your Paymob account&quot;. Comparison Type &quot;CONTAINS&quot;. Validation Type &quot;POSITIVE&quot;." type="java.lang.AssertionError">
      <![CDATA[java.lang.AssertionError: Assertion "ValidateElementAttribute" FAILED. Expected "Value Should be 'verification code was just sent' for the 'text' attribute, element locator 'By.xpath: //p[@class='sub-title']'" and Actual "Create your Paymob account". Comparison Type "CONTAINS". Validation Type "POSITIVE".
at org.testng.Assert.fail(Assert.java:110)
at com.shaft.validation.ValidationsHelper.reportValidationState(ValidationsHelper.java:692)
at com.shaft.validation.ValidationsHelper.fail(ValidationsHelper.java:428)
at com.shaft.validation.ValidationsHelper.reportValidationResultOfElementAttribute(ValidationsHelper.java:535)
at com.shaft.validation.ValidationsHelper.validateElementAttribute(ValidationsHelper.java:166)
at com.shaft.validation.ValidationsExecutor.perform(ValidationsExecutor.java:141)
at com.paymob.gui.tests.SignUpTest.Paymob_Sign_Up(SignUpTest.java:36)
at java.base/jdk.internal.reflect.NativeMethodAccessorImpl.invoke0(Native Method)
at java.base/jdk.internal.reflect.NativeMethodAccessorImpl.invoke(NativeMethodAccessorImpl.java:77)
at java.base/jdk.internal.reflect.DelegatingMethodAccessorImpl.invoke(DelegatingMethodAccessorImpl.java:43)
at java.base/java.lang.reflect.Method.invoke(Method.java:568)
at org.testng.internal.invokers.MethodInvocationHelper.invokeMethod(MethodInvocationHelper.java:139)
at org.testng.internal.invokers.TestInvoker.invokeMethod(TestInvoker.java:677)
at org.testng.internal.invokers.TestInvoker.invokeTestMethod(TestInvoker.java:221)
at org.testng.internal.invokers.MethodRunner.runInSequence(MethodRunner.java:50)
at org.testng.internal.invokers.TestInvoker$MethodInvocationAgent.invoke(TestInvoker.java:962)
at org.testng.internal.invokers.TestInvoker.invokeTestMethods(TestInvoker.java:194)
at org.testng.internal.invokers.TestMethodWorker.invokeTestMethods(TestMethodWorker.java:148)
at org.testng.internal.invokers.TestMethodWorker.run(TestMethodWorker.java:128)
at java.base/java.util.ArrayList.forEach(ArrayList.java:1511)
at org.testng.TestRunner.privateRun(TestRunner.java:806)
at org.testng.TestRunner.run(TestRunner.java:601)
at org.testng.SuiteRunner.runTest(SuiteRunner.java:433)
at org.testng.SuiteRunner.runSequentially(SuiteRunner.java:427)
at org.testng.SuiteRunner.privateRun(SuiteRunner.java:387)
at org.testng.SuiteRunner.run(SuiteRunner.java:330)
at org.testng.SuiteRunnerWorker.runSuite(SuiteRunnerWorker.java:52)
at org.testng.SuiteRunnerWorker.run(SuiteRunnerWorker.java:95)
at org.testng.TestNG.runSuitesSequentially(TestNG.java:1256)
at org.testng.TestNG.runSuitesLocally(TestNG.java:1176)
at org.testng.TestNG.runSuites(TestNG.java:1099)
at org.testng.TestNG.run(TestNG.java:1067)
at com.intellij.rt.testng.IDEARemoteTestNG.run(IDEARemoteTestNG.java:66)
at com.intellij.rt.testng.RemoteTestNGStarter.main(RemoteTestNGStarter.java:109)
]]>
    </failure>
  </testcase> <!-- Paymob_Sign_Up -->
  <system-out>
    <![CDATA[
################################################################################################################################################
Starting Execution:"1 out of 1" test cases in the current suite
Test Method:"com.paymob.gui.tests.SignUpTest.Paymob_Sign_Up"
Test Description:"Login Paymob Dashboard "
################################################################################################################################################
[ReportManager] File Action "CreateFile" successfully performed. With the following test data "Target Folder: "allure-results//screenshots/20220819-014646", Target File: "\1660866419781_Paymob_Sign_Up.gif"". @19-08-2022 01:46:59.0860 AM
[ReportManager] Click "Sign Up". @19-08-2022 01:47:00.0328 AM
[ReportManager] Type "01004822119". @19-08-2022 01:47:01.0857 AM
[ReportManager] Click "Next". @19-08-2022 01:47:02.0451 AM
[ReportManager] Get text "Create your Paymob account". @19-08-2022 01:47:02.0531 AM
[ReportManager] Verification Failed: The Element located by "By.xpath: //p[@class='sub-title']" text contains "verification code was just sent". @19-08-2022 01:47:02.0987 AM
[ReportManager] Successfully created attachment "Screenshot - 1660866422899_Paymob_Sign_Up_ValidateElementAttribute_failed" @19-08-2022 01:47:03.0011 AM
[ReportManager] Successfully created attachment "Animated Gif - Paymob_Sign_Up" @19-08-2022 01:47:03.0019 AM
[ReportManager] Successfully created attachment "SHAFT Engine Logs - Current Method log: Paymob_Sign_Up" @19-08-2022 01:47:03.0019 AM
[ReportManager] Switch to default content. @19-08-2022 01:47:03.0027 AM]]>
  </system-out>
</testsuite> <!-- com.paymob.gui.tests.SignUpTest -->
